生成启动时间为 2017/4/8 星期六 下午 11:28:54。
     1>项目“F:\C++代码\贪吃蛇\贪吃蛇\贪吃蛇.vcxproj”在节点 2 上(build 个目标)。
     1>InitializeBuildStatus:
         正在创建“Debug\贪吃蛇.unsuccessfulbuild”，因为已指定“AlwaysCreate”。
       ClCompile:
         c:\Program Files (x86)\Microsoft Visual Studio 10.0\VC\bin\CL.exe /c /ZI /nologo /W3 /WX- /Od /Oy- /D WIN32 /D _DEBUG /D _CONSOLE /D _UNICODE /D UNICODE /Gm /EHsc /RTC1 /MDd /GS /fp:precise /Zc:wchar_t /Zc:forScope /Fo"Debug\\" /Fd"Debug\vc100.pdb" /Gd /TP /analyze- /errorReport:prompt TCStext1.cpp
         TCStext1.cpp
     1>f:\c++代码\贪吃蛇\贪吃蛇\tcstext1.cpp(236): warning C4996: 'kbhit': The POSIX name for this item is deprecated. Instead, use the ISO C++ conformant name: _kbhit. See online help for details.
                 c:\program files (x86)\microsoft visual studio 10.0\vc\include\conio.h(130) : 参见“kbhit”的声明
     1>f:\c++代码\贪吃蛇\贪吃蛇\tcstext1.cpp(238): warning C4996: 'getch': The POSIX name for this item is deprecated. Instead, use the ISO C++ conformant name: _getch. See online help for details.
                 c:\program files (x86)\microsoft visual studio 10.0\vc\include\conio.h(128) : 参见“getch”的声明
       ManifestResourceCompile:
         所有输出均为最新。
       Link:
         c:\Program Files (x86)\Microsoft Visual Studio 10.0\VC\bin\link.exe /ERRORREPORT:PROMPT /OUT:"F:\C++代码\贪吃蛇\Debug\贪吃蛇.exe" /INCREMENTAL /NOLOGO kernel32.lib user32.lib gdi32.lib winspool.lib comdlg32.lib advapi32.lib shell32.lib ole32.lib oleaut32.lib uuid.lib odbc32.lib odbccp32.lib /MANIFEST /ManifestFile:"Debug\贪吃蛇.exe.intermediate.manifest" /MANIFESTUAC:"level='asInvoker' uiAccess='false'" /DEBUG /PDB:"F:\C++代码\贪吃蛇\Debug\贪吃蛇.pdb" /SUBSYSTEM:CONSOLE /TLBID:1 /DYNAMICBASE /NXCOMPAT /IMPLIB:"F:\C++代码\贪吃蛇\Debug\贪吃蛇.lib" /MACHINE:X86 "Debug\贪吃蛇.exe.embed.manifest.res"
         Debug\TCStext1.obj
       Manifest:
         C:\Program Files (x86)\Microsoft SDKs\Windows\v7.0A\bin\mt.exe /nologo /verbose /out:"Debug\贪吃蛇.exe.embed.manifest" /manifest "Debug\贪吃蛇.exe.intermediate.manifest"
         所有输出均为最新。
       LinkEmbedManifest:
         所有输出均为最新。
         贪吃蛇.vcxproj -> F:\C++代码\贪吃蛇\Debug\贪吃蛇.exe
       FinalizeBuildStatus:
         正在删除文件“Debug\贪吃蛇.unsuccessfulbuild”。
         正在对“Debug\贪吃蛇.lastbuildstate”执行 Touch 任务。
     1>已完成生成项目“F:\C++代码\贪吃蛇\贪吃蛇\贪吃蛇.vcxproj”(build 个目标)的操作。

生成成功。

已用时间 00:00:01.10
